This file contains any messages produced by compilers while
running configure, to aid debugging if configure makes a mistake.

It was created by configure, which was
generated by GNU Autoconf 2.68.  Invocation command line was

  $ ./configure 

## --------- ##
## Platform. ##
## --------- ##

hostname = esystems
uname -m = i686
uname -r = 3.2.0-67-generic
uname -s = Linux
uname -v = #101-Ubuntu SMP Tue Jul 15 17:45:51 UTC 2014

/usr/bin/uname -p = unknown
/bin/uname -X     = unknown

/bin/arch              = unknown
/usr/bin/arch -k       = unknown
/usr/convex/getsysinfo = unknown
/usr/bin/hostinfo      = unknown
/bin/machine           = unknown
/usr/bin/oslevel       = unknown
/bin/universe          = unknown

PATH: /usr/lib/lightdm/lightdm
PATH: /usr/local/sbin
PATH: /usr/local/bin
PATH: /usr/sbin
PATH: /usr/bin
PATH: /sbin
PATH: /bin
PATH: /usr/games


## ----------- ##
## Core tests. ##
## ----------- ##

configure:2422: checking for a BSD-compatible install
configure:2490: result: /usr/bin/install -c
configure:2501: checking whether build environment is sane
configure:2551: result: yes
configure:2579: WARNING: `missing' script is too old or missing
configure:2692: checking for a thread-safe mkdir -p
configure:2731: result: /bin/mkdir -p
configure:2744: checking for gawk
configure:2760: found /usr/bin/gawk
configure:2771: result: gawk
configure:2782: checking whether make sets $(MAKE)
configure:2804: result: yes
configure:2977: checking build system type
configure:2991: result: i686-pc-linux-gnu
configure:3011: checking host system type
configure:3024: result: i686-pc-linux-gnu
configure:3104: checking for g++
configure:3120: found /usr/bin/g++
configure:3131: result: g++
configure:3158: checking for C++ compiler version
configure:3167: g++ --version >&5
g++ (Ubuntu/Linaro 4.6.3-1ubuntu5) 4.6.3
Copyright (C) 2011 Free Software Foundation, Inc.
This is free software; see the source for copying conditions.  There is NO
warranty; not even for MERCHANTABILITY or FITNESS FOR A PARTICULAR PURPOSE.

configure:3178: $? = 0
configure:3167: g++ -v >&5
Using built-in specs.
COLLECT_GCC=g++
COLLECT_LTO_WRAPPER=/usr/lib/gcc/i686-linux-gnu/4.6/lto-wrapper
Target: i686-linux-gnu
Configured with: ../src/configure -v --with-pkgversion='Ubuntu/Linaro 4.6.3-1ubuntu5' --with-bugurl=file:///usr/share/doc/gcc-4.6/README.Bugs --enable-languages=c,c++,fortran,objc,obj-c++ --prefix=/usr --program-suffix=-4.6 --enable-shared --enable-linker-build-id --with-system-zlib --libexecdir=/usr/lib --without-included-gettext --enable-threads=posix --with-gxx-include-dir=/usr/include/c++/4.6 --libdir=/usr/lib --enable-nls --with-sysroot=/ --enable-clocale=gnu --enable-libstdcxx-debug --enable-libstdcxx-time=yes --enable-gnu-unique-object --enable-plugin --enable-objc-gc --enable-targets=all --disable-werror --with-arch-32=i686 --with-tune=generic --enable-checking=release --build=i686-linux-gnu --host=i686-linux-gnu --target=i686-linux-gnu
Thread model: posix
gcc version 4.6.3 (Ubuntu/Linaro 4.6.3-1ubuntu5) 
configure:3178: $? = 0
configure:3167: g++ -V >&5
g++: error: unrecognized option '-V'
g++: fatal error: no input files
compilation terminated.
configure:3178: $? = 4
configure:3167: g++ -qversion >&5
g++: error: unrecognized option '-qversion'
g++: fatal error: no input files
compilation terminated.
configure:3178: $? = 4
configure:3198: checking whether the C++ compiler works
configure:3220: g++    conftest.cpp  >&5
configure:3224: $? = 0
configure:3272: result: yes
configure:3275: checking for C++ compiler default output file name
configure:3277: result: a.out
configure:3283: checking for suffix of executables
configure:3290: g++ -o conftest    conftest.cpp  >&5
configure:3294: $? = 0
configure:3316: result: 
configure:3338: checking whether we are cross compiling
configure:3346: g++ -o conftest    conftest.cpp  >&5
configure:3350: $? = 0
configure:3357: ./conftest
configure:3361: $? = 0
configure:3376: result: no
configure:3381: checking for suffix of object files
configure:3403: g++ -c   conftest.cpp >&5
configure:3407: $? = 0
configure:3428: result: o
configure:3432: checking whether we are using the GNU C++ compiler
configure:3451: g++ -c   conftest.cpp >&5
configure:3451: $? = 0
configure:3460: result: yes
configure:3469: checking whether g++ accepts -g
configure:3489: g++ -c -g  conftest.cpp >&5
configure:3489: $? = 0
configure:3530: result: yes
configure:3564: checking for style of include used by make
configure:3592: result: GNU
configure:3618: checking dependency style of g++
configure:3729: result: gcc3
configure:3790: checking how to print strings
configure:3817: result: printf
configure:3886: checking for gcc
configure:3902: found /usr/bin/gcc
configure:3913: result: gcc
configure:4142: checking for C compiler version
configure:4151: gcc --version >&5
gcc (Ubuntu/Linaro 4.6.3-1ubuntu5) 4.6.3
Copyright (C) 2011 Free Software Foundation, Inc.
This is free software; see the source for copying conditions.  There is NO
warranty; not even for MERCHANTABILITY or FITNESS FOR A PARTICULAR PURPOSE.

configure:4162: $? = 0
configure:4151: gcc -v >&5
Using built-in specs.
COLLECT_GCC=gcc
COLLECT_LTO_WRAPPER=/usr/lib/gcc/i686-linux-gnu/4.6/lto-wrapper
Target: i686-linux-gnu
Configured with: ../src/configure -v --with-pkgversion='Ubuntu/Linaro 4.6.3-1ubuntu5' --with-bugurl=file:///usr/share/doc/gcc-4.6/README.Bugs --enable-languages=c,c++,fortran,objc,obj-c++ --prefix=/usr --program-suffix=-4.6 --enable-shared --enable-linker-build-id --with-system-zlib --libexecdir=/usr/lib --without-included-gettext --enable-threads=posix --with-gxx-include-dir=/usr/include/c++/4.6 --libdir=/usr/lib --enable-nls --with-sysroot=/ --enable-clocale=gnu --enable-libstdcxx-debug --enable-libstdcxx-time=yes --enable-gnu-unique-object --enable-plugin --enable-objc-gc --enable-targets=all --disable-werror --with-arch-32=i686 --with-tune=generic --enable-checking=release --build=i686-linux-gnu --host=i686-linux-gnu --target=i686-linux-gnu
Thread model: posix
gcc version 4.6.3 (Ubuntu/Linaro 4.6.3-1ubuntu5) 
configure:4162: $? = 0
configure:4151: gcc -V >&5
gcc: error: unrecognized option '-V'
gcc: fatal error: no input files
compilation terminated.
configure:4162: $? = 4
configure:4151: gcc -qversion >&5
gcc: error: unrecognized option '-qversion'
gcc: fatal error: no input files
compilation terminated.
configure:4162: $? = 4
configure:4166: checking whether we are using the GNU C compiler
configure:4185: gcc -c   conftest.c >&5
configure:4185: $? = 0
configure:4194: result: yes
configure:4203: checking whether gcc accepts -g
configure:4223: gcc -c -g  conftest.c >&5
configure:4223: $? = 0
configure:4264: result: yes
configure:4281: checking for gcc option to accept ISO C89
configure:4345: gcc  -c -g -O2  conftest.c >&5
configure:4345: $? = 0
configure:4358: result: none needed
configure:4380: checking dependency style of gcc
configure:4491: result: gcc3
configure:4506: checking for a sed that does not truncate output
configure:4570: result: /bin/sed
configure:4588: checking for grep that handles long lines and -e
configure:4646: result: /bin/grep
configure:4651: checking for egrep
configure:4713: result: /bin/grep -E
configure:4718: checking for fgrep
configure:4780: result: /bin/grep -F
configure:4815: checking for ld used by gcc
configure:4882: result: /usr/bin/ld
configure:4889: checking if the linker (/usr/bin/ld) is GNU ld
configure:4904: result: yes
configure:4916: checking for BSD- or MS-compatible name lister (nm)
configure:4965: result: /usr/bin/nm -B
configure:5095: checking the name lister (/usr/bin/nm -B) interface
configure:5102: gcc -c -g -O2  conftest.c >&5
configure:5105: /usr/bin/nm -B "conftest.o"
configure:5108: output
00000000 B some_variable
configure:5115: result: BSD nm
configure:5118: checking whether ln -s works
configure:5122: result: yes
configure:5130: checking the maximum length of command line arguments
configure:5260: result: 1572864
configure:5277: checking whether the shell understands some XSI constructs
configure:5287: result: yes
configure:5291: checking whether the shell understands "+="
configure:5297: result: yes
configure:5332: checking how to convert i686-pc-linux-gnu file names to i686-pc-linux-gnu format
configure:5372: result: func_convert_file_noop
configure:5379: checking how to convert i686-pc-linux-gnu file names to toolchain format
configure:5399: result: func_convert_file_noop
configure:5406: checking for /usr/bin/ld option to reload object files
configure:5413: result: -r
configure:5487: checking for objdump
configure:5503: found /usr/bin/objdump
configure:5514: result: objdump
configure:5546: checking how to recognize dependent libraries
configure:5748: result: pass_all
configure:5833: checking for dlltool
configure:5863: result: no
configure:5893: checking how to associate runtime and link libraries
configure:5920: result: printf %s\n
configure:5981: checking for ar
configure:5997: found /usr/bin/ar
configure:6008: result: ar
configure:6045: checking for archiver @FILE support
configure:6062: gcc -c -g -O2  conftest.c >&5
configure:6062: $? = 0
configure:6065: ar cru libconftest.a @conftest.lst >&5
configure:6068: $? = 0
configure:6073: ar cru libconftest.a @conftest.lst >&5
ar: conftest.o: No such file or directory
configure:6076: $? = 1
configure:6088: result: @
configure:6146: checking for strip
configure:6162: found /usr/bin/strip
configure:6173: result: strip
configure:6245: checking for ranlib
configure:6261: found /usr/bin/ranlib
configure:6272: result: ranlib
configure:6374: checking command to parse /usr/bin/nm -B output from gcc object
configure:6494: gcc -c -g -O2  conftest.c >&5
configure:6497: $? = 0
configure:6501: /usr/bin/nm -B conftest.o \| sed -n -e 's/^.*[ ]\([ABCDGIRSTW][ABCDGIRSTW]*\)[ ][ ]*\([_A-Za-z][_A-Za-z0-9]*\)$/\1 \2 \2/p' | sed '/ __gnu_lto/d' \> conftest.nm
configure:6504: $? = 0
configure:6570: gcc -o conftest -g -O2   conftest.c conftstm.o >&5
configure:6573: $? = 0
configure:6611: result: ok
configure:6648: checking for sysroot
configure:6678: result: no
configure:6934: checking for mt
configure:6950: found /bin/mt
configure:6961: result: mt
configure:6984: checking if mt is a manifest tool
configure:6990: mt '-?'
configure:6998: result: no
configure:7640: checking how to run the C preprocessor
configure:7671: gcc -E  conftest.c
configure:7671: $? = 0
configure:7685: gcc -E  conftest.c
conftest.c:11:28: fatal error: ac_nonexistent.h: No such file or directory
compilation terminated.
configure:7685: $? = 1
configure: failed program was:
| /* confdefs.h */
| #define PACKAGE_NAME ""
| #define PACKAGE_TARNAME ""
| #define PACKAGE_VERSION ""
| #define PACKAGE_STRING ""
| #define PACKAGE_BUGREPORT ""
| #define PACKAGE_URL ""
| #define PACKAGE "libsequence"
| #define VERSION "1.8.0"
| /* end confdefs.h.  */
| #include <ac_nonexistent.h>
configure:7710: result: gcc -E
configure:7730: gcc -E  conftest.c
configure:7730: $? = 0
configure:7744: gcc -E  conftest.c
conftest.c:11:28: fatal error: ac_nonexistent.h: No such file or directory
compilation terminated.
configure:7744: $? = 1
configure: failed program was:
| /* confdefs.h */
| #define PACKAGE_NAME ""
| #define PACKAGE_TARNAME ""
| #define PACKAGE_VERSION ""
| #define PACKAGE_STRING ""
| #define PACKAGE_BUGREPORT ""
| #define PACKAGE_URL ""
| #define PACKAGE "libsequence"
| #define VERSION "1.8.0"
| /* end confdefs.h.  */
| #include <ac_nonexistent.h>
configure:7773: checking for ANSI C header files
configure:7793: gcc -c -g -O2  conftest.c >&5
configure:7793: $? = 0
configure:7866: gcc -o conftest -g -O2   conftest.c  >&5
configure:7866: $? = 0
configure:7866: ./conftest
configure:7866: $? = 0
configure:7877: result: yes
configure:7890: checking for sys/types.h
configure:7890: gcc -c -g -O2  conftest.c >&5
configure:7890: $? = 0
configure:7890: result: yes
configure:7890: checking for sys/stat.h
configure:7890: gcc -c -g -O2  conftest.c >&5
configure:7890: $? = 0
configure:7890: result: yes
configure:7890: checking for stdlib.h
configure:7890: gcc -c -g -O2  conftest.c >&5
configure:7890: $? = 0
configure:7890: result: yes
configure:7890: checking for string.h
configure:7890: gcc -c -g -O2  conftest.c >&5
configure:7890: $? = 0
configure:7890: result: yes
configure:7890: checking for memory.h
configure:7890: gcc -c -g -O2  conftest.c >&5
configure:7890: $? = 0
configure:7890: result: yes
configure:7890: checking for strings.h
configure:7890: gcc -c -g -O2  conftest.c >&5
configure:7890: $? = 0
configure:7890: result: yes
configure:7890: checking for inttypes.h
configure:7890: gcc -c -g -O2  conftest.c >&5
configure:7890: $? = 0
configure:7890: result: yes
configure:7890: checking for stdint.h
configure:7890: gcc -c -g -O2  conftest.c >&5
configure:7890: $? = 0
configure:7890: result: yes
configure:7890: checking for unistd.h
configure:7890: gcc -c -g -O2  conftest.c >&5
configure:7890: $? = 0
configure:7890: result: yes
configure:7904: checking for dlfcn.h
configure:7904: gcc -c -g -O2  conftest.c >&5
configure:7904: $? = 0
configure:7904: result: yes
configure:8121: checking for objdir
configure:8136: result: .libs
configure:8407: checking if gcc supports -fno-rtti -fno-exceptions
configure:8425: gcc -c -g -O2  -fno-rtti -fno-exceptions conftest.c >&5
cc1: warning: command line option '-fno-rtti' is valid for C++/ObjC++ but not for C [enabled by default]
configure:8429: $? = 0
configure:8442: result: no
configure:8769: checking for gcc option to produce PIC
configure:8776: result: -fPIC -DPIC
configure:8784: checking if gcc PIC flag -fPIC -DPIC works
configure:8802: gcc -c -g -O2  -fPIC -DPIC -DPIC conftest.c >&5
configure:8806: $? = 0
configure:8819: result: yes
configure:8848: checking if gcc static flag -static works
configure:8876: result: yes
configure:8891: checking if gcc supports -c -o file.o
configure:8912: gcc -c -g -O2  -o out/conftest2.o conftest.c >&5
configure:8916: $? = 0
configure:8938: result: yes
configure:8946: checking if gcc supports -c -o file.o
configure:8993: result: yes
configure:9026: checking whether the gcc linker (/usr/bin/ld) supports shared libraries
configure:10183: result: yes
configure:10220: checking whether -lc should be explicitly linked in
configure:10228: gcc -c -g -O2  conftest.c >&5
configure:10231: $? = 0
configure:10246: gcc -shared  -fPIC -DPIC conftest.o  -v -Wl,-soname -Wl,conftest -o conftest 2\>\&1 \| /bin/grep  -lc  \>/dev/null 2\>\&1
configure:10249: $? = 0
configure:10263: result: no
configure:10423: checking dynamic linker characteristics
configure:10934: gcc -o conftest -g -O2   -Wl,-rpath -Wl,/foo conftest.c  >&5
configure:10934: $? = 0
configure:11168: result: GNU/Linux ld.so
configure:11275: checking how to hardcode library paths into programs
configure:11300: result: immediate
configure:11840: checking whether stripping libraries is possible
configure:11845: result: yes
configure:11880: checking if libtool supports shared libraries
configure:11882: result: yes
configure:11885: checking whether to build shared libraries
configure:11906: result: yes
configure:11909: checking whether to build static libraries
configure:11913: result: yes
configure:11936: checking how to run the C++ preprocessor
configure:11963: g++ -E  conftest.cpp
configure:11963: $? = 0
configure:11977: g++ -E  conftest.cpp
conftest.cpp:23:28: fatal error: ac_nonexistent.h: No such file or directory
compilation terminated.
configure:11977: $? = 1
configure: failed program was:
| /* confdefs.h */
| #define PACKAGE_NAME ""
| #define PACKAGE_TARNAME ""
| #define PACKAGE_VERSION ""
| #define PACKAGE_STRING ""
| #define PACKAGE_BUGREPORT ""
| #define PACKAGE_URL ""
| #define PACKAGE "libsequence"
| #define VERSION "1.8.0"
| #define STDC_HEADERS 1
| #define HAVE_SYS_TYPES_H 1
| #define HAVE_SYS_STAT_H 1
| #define HAVE_STDLIB_H 1
| #define HAVE_STRING_H 1
| #define HAVE_MEMORY_H 1
| #define HAVE_STRINGS_H 1
| #define HAVE_INTTYPES_H 1
| #define HAVE_STDINT_H 1
| #define HAVE_UNISTD_H 1
| #define HAVE_DLFCN_H 1
| #define LT_OBJDIR ".libs/"
| /* end confdefs.h.  */
| #include <ac_nonexistent.h>
configure:12002: result: g++ -E
configure:12022: g++ -E  conftest.cpp
configure:12022: $? = 0
configure:12036: g++ -E  conftest.cpp
conftest.cpp:23:28: fatal error: ac_nonexistent.h: No such file or directory
compilation terminated.
configure:12036: $? = 1
configure: failed program was:
| /* confdefs.h */
| #define PACKAGE_NAME ""
| #define PACKAGE_TARNAME ""
| #define PACKAGE_VERSION ""
| #define PACKAGE_STRING ""
| #define PACKAGE_BUGREPORT ""
| #define PACKAGE_URL ""
| #define PACKAGE "libsequence"
| #define VERSION "1.8.0"
| #define STDC_HEADERS 1
| #define HAVE_SYS_TYPES_H 1
| #define HAVE_SYS_STAT_H 1
| #define HAVE_STDLIB_H 1
| #define HAVE_STRING_H 1
| #define HAVE_MEMORY_H 1
| #define HAVE_STRINGS_H 1
| #define HAVE_INTTYPES_H 1
| #define HAVE_STDINT_H 1
| #define HAVE_UNISTD_H 1
| #define HAVE_DLFCN_H 1
| #define LT_OBJDIR ".libs/"
| /* end confdefs.h.  */
| #include <ac_nonexistent.h>
configure:12205: checking for ld used by g++
configure:12272: result: /usr/bin/ld
configure:12279: checking if the linker (/usr/bin/ld) is GNU ld
configure:12294: result: yes
configure:12349: checking whether the g++ linker (/usr/bin/ld) supports shared libraries
configure:13354: result: yes
configure:13390: g++ -c -g -O2  conftest.cpp >&5
configure:13393: $? = 0
configure:13913: checking for g++ option to produce PIC
configure:13920: result: -fPIC -DPIC
configure:13928: checking if g++ PIC flag -fPIC -DPIC works
configure:13946: g++ -c -g -O2  -fPIC -DPIC -DPIC conftest.cpp >&5
configure:13950: $? = 0
configure:13963: result: yes
configure:13986: checking if g++ static flag -static works
configure:14014: result: yes
configure:14026: checking if g++ supports -c -o file.o
configure:14047: g++ -c -g -O2  -o out/conftest2.o conftest.cpp >&5
configure:14051: $? = 0
configure:14073: result: yes
configure:14078: checking if g++ supports -c -o file.o
configure:14125: result: yes
configure:14155: checking whether the g++ linker (/usr/bin/ld) supports shared libraries
configure:14194: result: yes
configure:14335: checking dynamic linker characteristics
configure:15014: result: GNU/Linux ld.so
configure:15067: checking how to hardcode library paths into programs
configure:15092: result: immediate
configure:15157: checking for gawk
configure:15184: result: gawk
configure:15201: checking for an ANSI C-conforming const
configure:15266: g++ -c -g -O2  conftest.cpp >&5
configure:15266: $? = 0
configure:15273: result: yes
configure:15281: checking for inline
configure:15297: g++ -c -g -O2  conftest.cpp >&5
configure:15297: $? = 0
configure:15305: result: inline
configure:15325: checking ieeefp.h usability
configure:15325: g++ -c -g -O2  conftest.cpp >&5
conftest.cpp:56:20: fatal error: ieeefp.h: No such file or directory
compilation terminated.
configure:15325: $? = 1
configure: failed program was:
| /* confdefs.h */
| #define PACKAGE_NAME ""
| #define PACKAGE_TARNAME ""
| #define PACKAGE_VERSION ""
| #define PACKAGE_STRING ""
| #define PACKAGE_BUGREPORT ""
| #define PACKAGE_URL ""
| #define PACKAGE "libsequence"
| #define VERSION "1.8.0"
| #define STDC_HEADERS 1
| #define HAVE_SYS_TYPES_H 1
| #define HAVE_SYS_STAT_H 1
| #define HAVE_STDLIB_H 1
| #define HAVE_STRING_H 1
| #define HAVE_MEMORY_H 1
| #define HAVE_STRINGS_H 1
| #define HAVE_INTTYPES_H 1
| #define HAVE_STDINT_H 1
| #define HAVE_UNISTD_H 1
| #define HAVE_DLFCN_H 1
| #define LT_OBJDIR ".libs/"
| /* end confdefs.h.  */
| #include <stdio.h>
| #ifdef HAVE_SYS_TYPES_H
| # include <sys/types.h>
| #endif
| #ifdef HAVE_SYS_STAT_H
| # include <sys/stat.h>
| #endif
| #ifdef STDC_HEADERS
| # include <stdlib.h>
| # include <stddef.h>
| #else
| # ifdef HAVE_STDLIB_H
| #  include <stdlib.h>
| # endif
| #endif
| #ifdef HAVE_STRING_H
| # if !defined STDC_HEADERS && defined HAVE_MEMORY_H
| #  include <memory.h>
| # endif
| # include <string.h>
| #endif
| #ifdef HAVE_STRINGS_H
| # include <strings.h>
| #endif
| #ifdef HAVE_INTTYPES_H
| # include <inttypes.h>
| #endif
| #ifdef HAVE_STDINT_H
| # include <stdint.h>
| #endif
| #ifdef HAVE_UNISTD_H
| # include <unistd.h>
| #endif
| #include <ieeefp.h>
configure:15325: result: no
configure:15325: checking ieeefp.h presence
configure:15325: g++ -E  conftest.cpp
conftest.cpp:23:20: fatal error: ieeefp.h: No such file or directory
compilation terminated.
configure:15325: $? = 1
configure: failed program was:
| /* confdefs.h */
| #define PACKAGE_NAME ""
| #define PACKAGE_TARNAME ""
| #define PACKAGE_VERSION ""
| #define PACKAGE_STRING ""
| #define PACKAGE_BUGREPORT ""
| #define PACKAGE_URL ""
| #define PACKAGE "libsequence"
| #define VERSION "1.8.0"
| #define STDC_HEADERS 1
| #define HAVE_SYS_TYPES_H 1
| #define HAVE_SYS_STAT_H 1
| #define HAVE_STDLIB_H 1
| #define HAVE_STRING_H 1
| #define HAVE_MEMORY_H 1
| #define HAVE_STRINGS_H 1
| #define HAVE_INTTYPES_H 1
| #define HAVE_STDINT_H 1
| #define HAVE_UNISTD_H 1
| #define HAVE_DLFCN_H 1
| #define LT_OBJDIR ".libs/"
| /* end confdefs.h.  */
| #include <ieeefp.h>
configure:15325: result: no
configure:15325: checking for ieeefp.h
configure:15325: result: no
configure:15339: checking for ANSI C header files
configure:15443: result: yes
configure:15452: checking whether the compiler supports extern declarations for explicit instantiations
configure:15475: g++ -c -g -O2  conftest.cpp >&5
configure:15475: $? = 0
configure:15489: result: yes
configure:15504: checking strstream usability
configure:15504: g++ -c -g -O2  conftest.cpp >&5
In file included from /usr/include/c++/4.6/backward/strstream:52:0,
                 from conftest.cpp:57:
/usr/include/c++/4.6/backward/backward_warning.h:33:2: warning: #warning This file includes at least one deprecated or antiquated header which may be removed without further notice at a future date. Please use a non-deprecated interface with equivalent functionality instead. For a listing of replacement headers and interfaces, consult the file backward_warning.h. To disable this warning use -Wno-deprecated. [-Wcpp]
configure:15504: $? = 0
configure:15504: result: yes
configure:15504: checking strstream presence
configure:15504: g++ -E  conftest.cpp
In file included from /usr/include/c++/4.6/backward/strstream:52:0,
                 from conftest.cpp:24:
/usr/include/c++/4.6/backward/backward_warning.h:33:2: warning: #warning This file includes at least one deprecated or antiquated header which may be removed without further notice at a future date. Please use a non-deprecated interface with equivalent functionality instead. For a listing of replacement headers and interfaces, consult the file backward_warning.h. To disable this warning use -Wno-deprecated. [-Wcpp]
configure:15504: $? = 0
configure:15504: result: yes
configure:15504: checking for strstream
configure:15504: result: yes
configure:15510: checking sstream usability
configure:15510: g++ -c -g -O2  conftest.cpp >&5
configure:15510: $? = 0
configure:15510: result: yes
configure:15510: checking sstream presence
configure:15510: g++ -E  conftest.cpp
configure:15510: $? = 0
configure:15510: result: yes
configure:15510: checking for sstream
configure:15510: result: yes
configure:15533: checking limits usability
configure:15533: g++ -c -g -O2  conftest.cpp >&5
configure:15533: $? = 0
configure:15533: result: yes
configure:15533: checking limits presence
configure:15533: g++ -E  conftest.cpp
configure:15533: $? = 0
configure:15533: result: yes
configure:15533: checking for limits
configure:15533: result: yes
configure:15539: checking climits usability
configure:15539: g++ -c -g -O2  conftest.cpp >&5
configure:15539: $? = 0
configure:15539: result: yes
configure:15539: checking climits presence
configure:15539: g++ -E  conftest.cpp
configure:15539: $? = 0
configure:15539: result: yes
configure:15539: checking for climits
configure:15539: result: yes
configure:15562: checking boost/type_traits.hpp usability
configure:15562: g++ -c -g -O2  conftest.cpp >&5
configure:15562: $? = 0
configure:15562: result: yes
configure:15562: checking boost/type_traits.hpp presence
configure:15562: g++ -E  conftest.cpp
configure:15562: $? = 0
configure:15562: result: yes
configure:15562: checking for boost/type_traits.hpp
configure:15562: result: yes
configure:15570: checking boost/utility.hpp usability
configure:15570: g++ -c -g -O2  conftest.cpp >&5
configure:15570: $? = 0
configure:15570: result: yes
configure:15570: checking boost/utility.hpp presence
configure:15570: g++ -E  conftest.cpp
configure:15570: $? = 0
configure:15570: result: yes
configure:15570: checking for boost/utility.hpp
configure:15570: result: yes
configure:15578: checking boost/static_assert.hpp usability
configure:15578: g++ -c -g -O2  conftest.cpp >&5
configure:15578: $? = 0
configure:15578: result: yes
configure:15578: checking boost/static_assert.hpp presence
configure:15578: g++ -E  conftest.cpp
configure:15578: $? = 0
configure:15578: result: yes
configure:15578: checking for boost/static_assert.hpp
configure:15578: result: yes
configure:15588: checking boost/tuple/tuple.hpp usability
configure:15588: g++ -c -g -O2  conftest.cpp >&5
configure:15588: $? = 0
configure:15588: result: yes
configure:15588: checking boost/tuple/tuple.hpp presence
configure:15588: g++ -E  conftest.cpp
configure:15588: $? = 0
configure:15588: result: yes
configure:15588: checking for boost/tuple/tuple.hpp
configure:15588: result: yes
configure:15597: checking zlib.h usability
configure:15597: g++ -c -g -O2  conftest.cpp >&5
configure:15597: $? = 0
configure:15597: result: yes
configure:15597: checking zlib.h presence
configure:15597: g++ -E  conftest.cpp
configure:15597: $? = 0
configure:15597: result: yes
configure:15597: checking for zlib.h
configure:15597: result: yes
configure:15606: checking whether time.h and sys/time.h may both be included
configure:15626: g++ -c -g -O2  conftest.cpp >&5
configure:15626: $? = 0
configure:15633: result: yes
configure:15644: checking utime.h usability
configure:15644: g++ -c -g -O2  conftest.cpp >&5
configure:15644: $? = 0
configure:15644: result: yes
configure:15644: checking utime.h presence
configure:15644: g++ -E  conftest.cpp
configure:15644: $? = 0
configure:15644: result: yes
configure:15644: checking for utime.h
configure:15644: result: yes
configure:15655: checking for struct utimbuf
configure:15685: g++ -c -g -O2  conftest.cpp >&5
configure:15685: $? = 0
configure:15693: result: yes
configure:15884: creating ./config.status

## ---------------------- ##
## Running config.status. ##
## ---------------------- ##

This file was extended by config.status, which was
generated by GNU Autoconf 2.68.  Invocation command line was

  CONFIG_FILES    = 
  CONFIG_HEADERS  = 
  CONFIG_LINKS    = 
  CONFIG_COMMANDS = 
  $ ./config.status 

on esystems

config.status:1185: creating Makefile
config.status:1185: creating src/Makefile
config.status:1185: creating Sequence/Makefile
config.status:1185: creating Sequence/bits/Makefile
config.status:1185: creating Sequence/Portability/Makefile
config.status:1185: creating Sequence/Coalescent/Makefile
config.status:1185: creating Sequence/Coalescent/bits/Makefile
config.status:1185: creating Sequence/RNG/Makefile
config.status:1185: creating libsequence2.lsm
config.status:1185: creating libsequence2.spec
config.status:1185: creating config.h
config.status:1414: executing depfiles commands
config.status:1414: executing libtool commands

## ---------------- ##
## Cache variables. ##
## ---------------- ##

ac_cv_build=i686-pc-linux-gnu
ac_cv_c_compiler_gnu=yes
ac_cv_c_const=yes
ac_cv_c_inline=inline
ac_cv_cxx_compiler_gnu=yes
ac_cv_cxx_typename=yes
ac_cv_env_CCC_set=
ac_cv_env_CCC_value=
ac_cv_env_CC_set=
ac_cv_env_CC_value=
ac_cv_env_CFLAGS_set=
ac_cv_env_CFLAGS_value=
ac_cv_env_CPPFLAGS_set=
ac_cv_env_CPPFLAGS_value=
ac_cv_env_CPP_set=
ac_cv_env_CPP_value=
ac_cv_env_CXXCPP_set=
ac_cv_env_CXXCPP_value=
ac_cv_env_CXXFLAGS_set=
ac_cv_env_CXXFLAGS_value=
ac_cv_env_CXX_set=
ac_cv_env_CXX_value=
ac_cv_env_LDFLAGS_set=
ac_cv_env_LDFLAGS_value=
ac_cv_env_LIBS_set=
ac_cv_env_LIBS_value=
ac_cv_env_build_alias_set=
ac_cv_env_build_alias_value=
ac_cv_env_host_alias_set=
ac_cv_env_host_alias_value=
ac_cv_env_target_alias_set=
ac_cv_env_target_alias_value=
ac_cv_header_boost_static_assert_hpp=yes
ac_cv_header_boost_tuple_tuple_hpp=yes
ac_cv_header_boost_type_traits_hpp=yes
ac_cv_header_boost_utility_hpp=yes
ac_cv_header_climits=yes
ac_cv_header_dlfcn_h=yes
ac_cv_header_ieeefp_h=no
ac_cv_header_inttypes_h=yes
ac_cv_header_limits=yes
ac_cv_header_memory_h=yes
ac_cv_header_sstream=yes
ac_cv_header_stdc=yes
ac_cv_header_stdint_h=yes
ac_cv_header_stdlib_h=yes
ac_cv_header_string_h=yes
ac_cv_header_strings_h=yes
ac_cv_header_strstream=yes
ac_cv_header_sys_stat_h=yes
ac_cv_header_sys_types_h=yes
ac_cv_header_time=yes
ac_cv_header_unistd_h=yes
ac_cv_header_utime_h=yes
ac_cv_header_zlib_h=yes
ac_cv_host=i686-pc-linux-gnu
ac_cv_objext=o
ac_cv_path_EGREP='/bin/grep -E'
ac_cv_path_FGREP='/bin/grep -F'
ac_cv_path_GREP=/bin/grep
ac_cv_path_SED=/bin/sed
ac_cv_path_install='/usr/bin/install -c'
ac_cv_path_mkdir=/bin/mkdir
ac_cv_prog_AWK=gawk
ac_cv_prog_CPP='gcc -E'
ac_cv_prog_CXXCPP='g++ -E'
ac_cv_prog_ac_ct_AR=ar
ac_cv_prog_ac_ct_CC=gcc
ac_cv_prog_ac_ct_CXX=g++
ac_cv_prog_ac_ct_MANIFEST_TOOL=mt
ac_cv_prog_ac_ct_OBJDUMP=objdump
ac_cv_prog_ac_ct_RANLIB=ranlib
ac_cv_prog_ac_ct_STRIP=strip
ac_cv_prog_cc_c89=
ac_cv_prog_cc_g=yes
ac_cv_prog_cxx_g=yes
ac_cv_prog_make_make_set=yes
am_cv_CC_dependencies_compiler_type=gcc3
am_cv_CXX_dependencies_compiler_type=gcc3
fu_cv_sys_struct_utimbuf=yes
lt_cv_ar_at_file=@
lt_cv_archive_cmds_need_lc=no
lt_cv_deplibs_check_method=pass_all
lt_cv_file_magic_cmd='$MAGIC_CMD'
lt_cv_file_magic_test_file=
lt_cv_ld_reload_flag=-r
lt_cv_nm_interface='BSD nm'
lt_cv_objdir=.libs
lt_cv_path_LD=/usr/bin/ld
lt_cv_path_LDCXX=/usr/bin/ld
lt_cv_path_NM='/usr/bin/nm -B'
lt_cv_path_mainfest_tool=no
lt_cv_prog_compiler_c_o=yes
lt_cv_prog_compiler_c_o_CXX=yes
lt_cv_prog_compiler_pic='-fPIC -DPIC'
lt_cv_prog_compiler_pic_CXX='-fPIC -DPIC'
lt_cv_prog_compiler_pic_works=yes
lt_cv_prog_compiler_pic_works_CXX=yes
lt_cv_prog_compiler_rtti_exceptions=no
lt_cv_prog_compiler_static_works=yes
lt_cv_prog_compiler_static_works_CXX=yes
lt_cv_prog_gnu_ld=yes
lt_cv_prog_gnu_ldcxx=yes
lt_cv_sharedlib_from_linklib_cmd='printf %s\n'
lt_cv_shlibpath_overrides_runpath=no
lt_cv_sys_global_symbol_pipe='sed -n -e '\''s/^.*[	 ]\([ABCDGIRSTW][ABCDGIRSTW]*\)[	 ][	 ]*\([_A-Za-z][_A-Za-z0-9]*\)$/\1 \2 \2/p'\'' | sed '\''/ __gnu_lto/d'\'''
lt_cv_sys_global_symbol_to_c_name_address='sed -n -e '\''s/^: \([^ ]*\)[ ]*$/  {\"\1\", (void *) 0},/p'\'' -e '\''s/^[ABCDGIRSTW]* \([^ ]*\) \([^ ]*\)$/  {"\2", (void *) \&\2},/p'\'''
lt_cv_sys_global_symbol_to_c_name_address_lib_prefix='sed -n -e '\''s/^: \([^ ]*\)[ ]*$/  {\"\1\", (void *) 0},/p'\'' -e '\''s/^[ABCDGIRSTW]* \([^ ]*\) \(lib[^ ]*\)$/  {"\2", (void *) \&\2},/p'\'' -e '\''s/^[ABCDGIRSTW]* \([^ ]*\) \([^ ]*\)$/  {"lib\2", (void *) \&\2},/p'\'''
lt_cv_sys_global_symbol_to_cdecl='sed -n -e '\''s/^T .* \(.*\)$/extern int \1();/p'\'' -e '\''s/^[ABCDGIRSTW]* .* \(.*\)$/extern char \1;/p'\'''
lt_cv_sys_max_cmd_len=1572864
lt_cv_to_host_file_cmd=func_convert_file_noop
lt_cv_to_tool_file_cmd=func_convert_file_noop

## ----------------- ##
## Output variables. ##
## ----------------- ##

ACLOCAL='aclocal-1.11'
AMDEPBACKSLASH='\'
AMDEP_FALSE='#'
AMDEP_TRUE=''
AMTAR='$${TAR-tar}'
AR='ar'
AUTOCONF='autoconf'
AUTOHEADER='autoheader'
AUTOMAKE='automake-1.11'
AWK='gawk'
CC='gcc'
CCDEPMODE='depmode=gcc3'
CFLAGS='-g -O2'
CPP='gcc -E'
CPPFLAGS=''
CXX='g++'
CXXCPP='g++ -E'
CXXDEPMODE='depmode=gcc3'
CXXFLAGS='-g -O2'
CYGPATH_W='echo'
DEBUG_FALSE=''
DEBUG_TRUE='#'
DEFS='-DHAVE_CONFIG_H'
DEPDIR='.deps'
DLLTOOL='false'
DSYMUTIL=''
DUMPBIN=''
ECHO_C=''
ECHO_N='-n'
ECHO_T=''
EGREP='/bin/grep -E'
EXEEXT=''
FGREP='/bin/grep -F'
GFIVEOPT_FALSE=''
GFIVEOPT_TRUE='#'
GFOUROPT_FALSE=''
GFOUROPT_TRUE='#'
GREP='/bin/grep'
HAVE_CLIMITS_FALSE='#'
HAVE_CLIMITS_TRUE=''
HAVE_EXTERN_EXPLICIT_INSTANTIATION_FALSE='#'
HAVE_EXTERN_EXPLICIT_INSTANTIATION_TRUE=''
HAVE_IEEEFP_FALSE=''
HAVE_IEEEFP_TRUE='#'
HAVE_LIMITS_FALSE='#'
HAVE_LIMITS_TRUE=''
HAVE_SSTREAM_FALSE='#'
HAVE_SSTREAM_TRUE=''
HAVE_STRSTREAM_FALSE='#'
HAVE_STRSTREAM_TRUE=''
INSTALL_DATA='${INSTALL} -m 644'
INSTALL_PROGRAM='${INSTALL}'
INSTALL_SCRIPT='${INSTALL}'
INSTALL_STRIP_PROGRAM='$(install_sh) -c -s'
ISODATE='2014-08-11'
LD='/usr/bin/ld'
LDFLAGS=''
LIBOBJS=''
LIBS=''
LIBTOOL='$(SHELL) $(top_builddir)/libtool'
LIPO=''
LN_S='ln -s'
LTLIBOBJS=''
MAKEINFO='makeinfo'
MANIFEST_TOOL=':'
MKDIR_P='/bin/mkdir -p'
NM='/usr/bin/nm -B'
NMEDIT=''
OBJDUMP='objdump'
OBJEXT='o'
OTOOL64=''
OTOOL=''
PACKAGE='libsequence'
PACKAGE_BUGREPORT=''
PACKAGE_NAME=''
PACKAGE_STRING=''
PACKAGE_TARNAME=''
PACKAGE_URL=''
PACKAGE_VERSION=''
PATH_SEPARATOR=':'
PROFILING_FALSE=''
PROFILING_TRUE='#'
RANLIB='ranlib'
SED='/bin/sed'
SET_MAKE=''
SHELL='/bin/bash'
STRIP='strip'
VERSION='1.8.0'
ac_ct_AR='ar'
ac_ct_CC='gcc'
ac_ct_CXX='g++'
ac_ct_DUMPBIN=''
am__EXEEXT_FALSE=''
am__EXEEXT_TRUE='#'
am__fastdepCC_FALSE='#'
am__fastdepCC_TRUE=''
am__fastdepCXX_FALSE='#'
am__fastdepCXX_TRUE=''
am__include='include'
am__isrc=''
am__leading_dot='.'
am__nodep='_no'
am__quote=''
am__tar='$${TAR-tar} chof - "$$tardir"'
am__untar='$${TAR-tar} xf -'
bindir='${exec_prefix}/bin'
build='i686-pc-linux-gnu'
build_alias=''
build_cpu='i686'
build_os='linux-gnu'
build_vendor='pc'
datadir='${datarootdir}'
datarootdir='${prefix}/share'
docdir='${datarootdir}/doc/${PACKAGE}'
dvidir='${docdir}'
exec_prefix='${prefix}'
host='i686-pc-linux-gnu'
host_alias=''
host_cpu='i686'
host_os='linux-gnu'
host_vendor='pc'
htmldir='${docdir}'
includedir='${prefix}/include'
infodir='${datarootdir}/info'
install_sh='${SHELL} /home/hariharane/bio/src/c++/libsequence-1.8.0/install-sh'
libdir='${exec_prefix}/lib'
libexecdir='${exec_prefix}/libexec'
localedir='${datarootdir}/locale'
localstatedir='${prefix}/var'
mandir='${datarootdir}/man'
mkdir_p='/bin/mkdir -p'
oldincludedir='/usr/include'
pdfdir='${docdir}'
prefix='/usr/local'
program_transform_name='s,x,x,'
psdir='${docdir}'
sbindir='${exec_prefix}/sbin'
sharedstatedir='${prefix}/com'
sysconfdir='${prefix}/etc'
target_alias=''

## ----------- ##
## confdefs.h. ##
## ----------- ##

/* confdefs.h */
#define PACKAGE_NAME ""
#define PACKAGE_TARNAME ""
#define PACKAGE_VERSION ""
#define PACKAGE_STRING ""
#define PACKAGE_BUGREPORT ""
#define PACKAGE_URL ""
#define PACKAGE "libsequence"
#define VERSION "1.8.0"
#define STDC_HEADERS 1
#define HAVE_SYS_TYPES_H 1
#define HAVE_SYS_STAT_H 1
#define HAVE_STDLIB_H 1
#define HAVE_STRING_H 1
#define HAVE_MEMORY_H 1
#define HAVE_STRINGS_H 1
#define HAVE_INTTYPES_H 1
#define HAVE_STDINT_H 1
#define HAVE_UNISTD_H 1
#define HAVE_DLFCN_H 1
#define LT_OBJDIR ".libs/"
#define STDC_HEADERS 1
#define TIME_WITH_SYS_TIME 1
#define HAVE_UTIME_H 1
#define HAVE_STRUCT_UTIMBUF 1

configure: exit 0
