This file contains any messages produced by compilers while
running configure, to aid debugging if configure makes a mistake.

It was created by configure, which was
generated by GNU Autoconf 2.61.  Invocation command line was

  $ ./configure 

## --------- ##
## Platform. ##
## --------- ##

hostname = localhost.localdomain
uname -m = i686
uname -r = 2.6.20-1.2320.fc5
uname -s = Linux
uname -v = #1 Tue Jun 12 18:50:38 EDT 2007

/usr/bin/uname -p = unknown
/bin/uname -X     = unknown

/bin/arch              = i686
/usr/bin/arch -k       = unknown
/usr/convex/getsysinfo = unknown
/usr/bin/hostinfo      = unknown
/bin/machine           = unknown
/usr/bin/oslevel       = unknown
/bin/universe          = unknown

PATH: /usr/kerberos/bin
PATH: /usr/local/bin
PATH: /usr/bin
PATH: /bin
PATH: /usr/X11R6/bin
PATH: /home/hari/bin


## ----------- ##
## Core tests. ##
## ----------- ##

configure:1967: checking for a BSD-compatible install
configure:2023: result: /usr/bin/install -c
configure:2034: checking whether build environment is sane
configure:2077: result: yes
configure:2092: checking whether make sets $(MAKE)
configure:2113: result: yes
configure:2145: checking for working aclocal-1.4
configure:2152: result: found
configure:2160: checking for working autoconf
configure:2167: result: found
configure:2175: checking for working automake-1.4
configure:2182: result: found
configure:2190: checking for working autoheader
configure:2197: result: found
configure:2205: checking for working makeinfo
configure:2212: result: found
configure:2331: checking build system type
configure:2349: result: i686-pc-linux-gnu
configure:2371: checking host system type
configure:2386: result: i686-pc-linux-gnu
configure:2422: checking for a BSD-compatible install
configure:2478: result: /usr/bin/install -c
configure:2547: checking for g++
configure:2563: found /usr/bin/g++
configure:2574: result: g++
configure:2605: checking for C++ compiler version
configure:2612: g++ --version >&5
g++ (GCC) 4.1.1 20070105 (Red Hat 4.1.1-51)
Copyright (C) 2006 Free Software Foundation, Inc.
This is free software; see the source for copying conditions.  There is NO
warranty; not even for MERCHANTABILITY or FITNESS FOR A PARTICULAR PURPOSE.

configure:2615: $? = 0
configure:2622: g++ -v >&5
Using built-in specs.
Target: i386-redhat-linux
Configured with: ../configure --prefix=/usr --mandir=/usr/share/man --infodir=/usr/share/info --enable-shared --enable-threads=posix --enable-checking=release --with-system-zlib --enable-__cxa_atexit --disable-libunwind-exceptions --enable-libgcj-multifile --enable-languages=c,c++,objc,obj-c++,java,fortran,ada --enable-java-awt=gtk --disable-dssi --with-java-home=/usr/lib/jvm/java-1.4.2-gcj-1.4.2.0/jre --with-cpu=generic --host=i386-redhat-linux
Thread model: posix
gcc version 4.1.1 20070105 (Red Hat 4.1.1-51)
configure:2625: $? = 0
configure:2632: g++ -V >&5
g++: '-V' option must have argument
configure:2635: $? = 1
configure:2658: checking for C++ compiler default output file name
configure:2685: g++    conftest.cpp  >&5
configure:2688: $? = 0
configure:2726: result: a.out
configure:2743: checking whether the C++ compiler works
configure:2753: ./a.out
configure:2756: $? = 0
configure:2773: result: yes
configure:2780: checking whether we are cross compiling
configure:2782: result: no
configure:2785: checking for suffix of executables
configure:2792: g++ -o conftest    conftest.cpp  >&5
configure:2795: $? = 0
configure:2819: result: 
configure:2825: checking for suffix of object files
configure:2851: g++ -c   conftest.cpp >&5
configure:2854: $? = 0
configure:2877: result: o
configure:2881: checking whether we are using the GNU C++ compiler
configure:2910: g++ -c   conftest.cpp >&5
configure:2916: $? = 0
configure:2933: result: yes
configure:2938: checking whether g++ accepts -g
configure:2968: g++ -c -g  conftest.cpp >&5
configure:2974: $? = 0
configure:3073: result: yes
configure:3216: checking for gcc
configure:3232: found /usr/bin/gcc
configure:3243: result: gcc
configure:3481: checking for C compiler version
configure:3488: gcc --version >&5
gcc (GCC) 4.1.1 20070105 (Red Hat 4.1.1-51)
Copyright (C) 2006 Free Software Foundation, Inc.
This is free software; see the source for copying conditions.  There is NO
warranty; not even for MERCHANTABILITY or FITNESS FOR A PARTICULAR PURPOSE.

configure:3491: $? = 0
configure:3498: gcc -v >&5
Using built-in specs.
Target: i386-redhat-linux
Configured with: ../configure --prefix=/usr --mandir=/usr/share/man --infodir=/usr/share/info --enable-shared --enable-threads=posix --enable-checking=release --with-system-zlib --enable-__cxa_atexit --disable-libunwind-exceptions --enable-libgcj-multifile --enable-languages=c,c++,objc,obj-c++,java,fortran,ada --enable-java-awt=gtk --disable-dssi --with-java-home=/usr/lib/jvm/java-1.4.2-gcj-1.4.2.0/jre --with-cpu=generic --host=i386-redhat-linux
Thread model: posix
gcc version 4.1.1 20070105 (Red Hat 4.1.1-51)
configure:3501: $? = 0
configure:3508: gcc -V >&5
gcc: '-V' option must have argument
configure:3511: $? = 1
configure:3514: checking whether we are using the GNU C compiler
configure:3543: gcc -c   conftest.c >&5
configure:3549: $? = 0
configure:3566: result: yes
configure:3571: checking whether gcc accepts -g
configure:3601: gcc -c -g  conftest.c >&5
configure:3607: $? = 0
configure:3706: result: yes
configure:3723: checking for gcc option to accept ISO C89
configure:3797: gcc  -c -g -O2  conftest.c >&5
configure:3803: $? = 0
configure:3826: result: none needed
configure:3844: checking for a sed that does not truncate output
configure:3898: result: /bin/sed
configure:3901: checking for grep that handles long lines and -e
configure:3975: result: /bin/grep
configure:3980: checking for egrep
configure:4058: result: /bin/grep -E
configure:4074: checking for ld used by gcc
configure:4141: result: /usr/bin/ld
configure:4150: checking if the linker (/usr/bin/ld) is GNU ld
configure:4165: result: yes
configure:4170: checking for /usr/bin/ld option to reload object files
configure:4177: result: -r
configure:4195: checking for BSD-compatible nm
configure:4244: result: /usr/bin/nm -B
configure:4248: checking whether ln -s works
configure:4252: result: yes
configure:4259: checking how to recognise dependent libraries
configure:4435: result: pass_all
configure:4669: checking how to run the C preprocessor
configure:4709: gcc -E  conftest.c
configure:4715: $? = 0
configure:4746: gcc -E  conftest.c
conftest.c:10:28: error: ac_nonexistent.h: No such file or directory
configure:4752: $? = 1
configure: failed program was:
| /* confdefs.h.  */
| #define PACKAGE_NAME ""
| #define PACKAGE_TARNAME ""
| #define PACKAGE_VERSION ""
| #define PACKAGE_STRING ""
| #define PACKAGE_BUGREPORT ""
| #define PACKAGE "libsequence"
| #define VERSION "1.6.5"
| /* end confdefs.h.  */
| #include <ac_nonexistent.h>
configure:4785: result: gcc -E
configure:4814: gcc -E  conftest.c
configure:4820: $? = 0
configure:4851: gcc -E  conftest.c
conftest.c:10:28: error: ac_nonexistent.h: No such file or directory
configure:4857: $? = 1
configure: failed program was:
| /* confdefs.h.  */
| #define PACKAGE_NAME ""
| #define PACKAGE_TARNAME ""
| #define PACKAGE_VERSION ""
| #define PACKAGE_STRING ""
| #define PACKAGE_BUGREPORT ""
| #define PACKAGE "libsequence"
| #define VERSION "1.6.5"
| /* end confdefs.h.  */
| #include <ac_nonexistent.h>
configure:4895: checking for ANSI C header files
configure:4925: gcc -c -g -O2  conftest.c >&5
configure:4931: $? = 0
configure:5030: gcc -o conftest -g -O2   conftest.c  >&5
configure:5033: $? = 0
configure:5039: ./conftest
configure:5042: $? = 0
configure:5059: result: yes
configure:5083: checking for sys/types.h
configure:5104: gcc -c -g -O2  conftest.c >&5
configure:5110: $? = 0
configure:5126: result: yes
configure:5083: checking for sys/stat.h
configure:5104: gcc -c -g -O2  conftest.c >&5
configure:5110: $? = 0
configure:5126: result: yes
configure:5083: checking for stdlib.h
configure:5104: gcc -c -g -O2  conftest.c >&5
configure:5110: $? = 0
configure:5126: result: yes
configure:5083: checking for string.h
configure:5104: gcc -c -g -O2  conftest.c >&5
configure:5110: $? = 0
configure:5126: result: yes
configure:5083: checking for memory.h
configure:5104: gcc -c -g -O2  conftest.c >&5
configure:5110: $? = 0
configure:5126: result: yes
configure:5083: checking for strings.h
configure:5104: gcc -c -g -O2  conftest.c >&5
configure:5110: $? = 0
configure:5126: result: yes
configure:5083: checking for inttypes.h
configure:5104: gcc -c -g -O2  conftest.c >&5
configure:5110: $? = 0
configure:5126: result: yes
configure:5083: checking for stdint.h
configure:5104: gcc -c -g -O2  conftest.c >&5
configure:5110: $? = 0
configure:5126: result: yes
configure:5083: checking for unistd.h
configure:5104: gcc -c -g -O2  conftest.c >&5
configure:5110: $? = 0
configure:5126: result: yes
configure:5153: checking dlfcn.h usability
configure:5170: gcc -c -g -O2  conftest.c >&5
configure:5176: $? = 0
configure:5190: result: yes
configure:5194: checking dlfcn.h presence
configure:5209: gcc -E  conftest.c
configure:5215: $? = 0
configure:5229: result: yes
configure:5257: checking for dlfcn.h
configure:5265: result: yes
configure:5288: checking how to run the C++ preprocessor
configure:5324: g++ -E  conftest.cpp
configure:5330: $? = 0
configure:5361: g++ -E  conftest.cpp
conftest.cpp:21:28: error: ac_nonexistent.h: No such file or directory
configure:5367: $? = 1
configure: failed program was:
| /* confdefs.h.  */
| #define PACKAGE_NAME ""
| #define PACKAGE_TARNAME ""
| #define PACKAGE_VERSION ""
| #define PACKAGE_STRING ""
| #define PACKAGE_BUGREPORT ""
| #define PACKAGE "libsequence"
| #define VERSION "1.6.5"
| #define STDC_HEADERS 1
| #define HAVE_SYS_TYPES_H 1
| #define HAVE_SYS_STAT_H 1
| #define HAVE_STDLIB_H 1
| #define HAVE_STRING_H 1
| #define HAVE_MEMORY_H 1
| #define HAVE_STRINGS_H 1
| #define HAVE_INTTYPES_H 1
| #define HAVE_STDINT_H 1
| #define HAVE_UNISTD_H 1
| #define HAVE_DLFCN_H 1
| /* end confdefs.h.  */
| #include <ac_nonexistent.h>
configure:5400: result: g++ -E
configure:5429: g++ -E  conftest.cpp
configure:5435: $? = 0
configure:5466: g++ -E  conftest.cpp
conftest.cpp:21:28: error: ac_nonexistent.h: No such file or directory
configure:5472: $? = 1
configure: failed program was:
| /* confdefs.h.  */
| #define PACKAGE_NAME ""
| #define PACKAGE_TARNAME ""
| #define PACKAGE_VERSION ""
| #define PACKAGE_STRING ""
| #define PACKAGE_BUGREPORT ""
| #define PACKAGE "libsequence"
| #define VERSION "1.6.5"
| #define STDC_HEADERS 1
| #define HAVE_SYS_TYPES_H 1
| #define HAVE_SYS_STAT_H 1
| #define HAVE_STDLIB_H 1
| #define HAVE_STRING_H 1
| #define HAVE_MEMORY_H 1
| #define HAVE_STRINGS_H 1
| #define HAVE_INTTYPES_H 1
| #define HAVE_STDINT_H 1
| #define HAVE_UNISTD_H 1
| #define HAVE_DLFCN_H 1
| /* end confdefs.h.  */
| #include <ac_nonexistent.h>
configure:5565: checking for g77
configure:5595: result: no
configure:5565: checking for xlf
configure:5595: result: no
configure:5565: checking for f77
configure:5595: result: no
configure:5565: checking for frt
configure:5595: result: no
configure:5565: checking for pgf77
configure:5595: result: no
configure:5565: checking for cf77
configure:5595: result: no
configure:5565: checking for fort77
configure:5595: result: no
configure:5565: checking for fl32
configure:5595: result: no
configure:5565: checking for af77
configure:5595: result: no
configure:5565: checking for xlf90
configure:5595: result: no
configure:5565: checking for f90
configure:5595: result: no
configure:5565: checking for pgf90
configure:5595: result: no
configure:5565: checking for pghpf
configure:5595: result: no
configure:5565: checking for epcf90
configure:5595: result: no
configure:5565: checking for gfortran
configure:5581: found /usr/bin/gfortran
configure:5592: result: gfortran
configure:5622: checking for Fortran 77 compiler version
configure:5629: gfortran --version >&5
GNU Fortran 95 (GCC) 4.1.1 20070105 (Red Hat 4.1.1-51)
Copyright (C) 2006 Free Software Foundation, Inc.

GNU Fortran comes with NO WARRANTY, to the extent permitted by law.
You may redistribute copies of GNU Fortran
under the terms of the GNU General Public License.
For more information about these matters, see the file named COPYING

configure:5632: $? = 0
configure:5639: gfortran -v >&5
Using built-in specs.
Target: i386-redhat-linux
Configured with: ../configure --prefix=/usr --mandir=/usr/share/man --infodir=/usr/share/info --enable-shared --enable-threads=posix --enable-checking=release --with-system-zlib --enable-__cxa_atexit --disable-libunwind-exceptions --enable-libgcj-multifile --enable-languages=c,c++,objc,obj-c++,java,fortran,ada --enable-java-awt=gtk --disable-dssi --with-java-home=/usr/lib/jvm/java-1.4.2-gcj-1.4.2.0/jre --with-cpu=generic --host=i386-redhat-linux
Thread model: posix
gcc version 4.1.1 20070105 (Red Hat 4.1.1-51)
configure:5642: $? = 0
configure:5649: gfortran -V >&5
gfortran: '-V' option must have argument
configure:5652: $? = 1
configure:5660: checking whether we are using the GNU Fortran 77 compiler
configure:5679: gfortran -c  conftest.F >&5
configure:5685: $? = 0
configure:5702: result: yes
configure:5708: checking whether gfortran accepts -g
configure:5725: gfortran -c -g conftest.f >&5
configure:5731: $? = 0
configure:5747: result: yes
configure:5777: checking the maximum length of command line arguments
configure:5886: result: 32768
configure:5897: checking command to parse /usr/bin/nm -B output from gcc object
configure:6002: gcc -c -g -O2  conftest.c >&5
configure:6005: $? = 0
configure:6009: /usr/bin/nm -B conftest.o \| sed -n -e 's/^.*[ 	]\([ABCDGIRSTW][ABCDGIRSTW]*\)[ 	][ 	]*\([_A-Za-z][_A-Za-z0-9]*\)$/\1 \2 \2/p' \> conftest.nm
configure:6012: $? = 0
configure:6064: gcc -o conftest -g -O2   conftest.c conftstm.o >&5
configure:6067: $? = 0
configure:6105: result: ok
configure:6109: checking for objdir
configure:6124: result: .libs
configure:6216: checking for ar
configure:6232: found /usr/bin/ar
configure:6243: result: ar
configure:6312: checking for ranlib
configure:6328: found /usr/bin/ranlib
configure:6339: result: ranlib
configure:6408: checking for strip
configure:6424: found /usr/bin/strip
configure:6435: result: strip
configure:6721: checking if gcc supports -fno-rtti -fno-exceptions
configure:6739: gcc -c -g -O2  -fno-rtti -fno-exceptions conftest.c >&5
cc1: warning: command line option "-fno-rtti" is valid for C++/ObjC++ but not for C
configure:6743: $? = 0
configure:6756: result: no
configure:6771: checking for gcc option to produce PIC
configure:6981: result: -fPIC
configure:6989: checking if gcc PIC flag -fPIC works
configure:7007: gcc -c -g -O2  -fPIC -DPIC conftest.c >&5
configure:7011: $? = 0
configure:7024: result: yes
configure:7052: checking if gcc static flag -static works
configure:7080: result: yes
configure:7090: checking if gcc supports -c -o file.o
configure:7111: gcc -c -g -O2  -o out/conftest2.o conftest.c >&5
configure:7115: $? = 0
configure:7137: result: yes
configure:7163: checking whether the gcc linker (/usr/bin/ld) supports shared libraries
configure:8118: result: yes
configure:8139: checking whether -lc should be explicitly linked in
configure:8144: gcc -c -g -O2  conftest.c >&5
configure:8147: $? = 0
configure:8162: gcc -shared conftest.o  -v -Wl,-soname -Wl,conftest -o conftest 2\>\&1 \| grep  -lc  \>/dev/null 2\>\&1
configure:8165: $? = 0
configure:8177: result: no
configure:8185: checking dynamic linker characteristics
configure:8761: result: GNU/Linux ld.so
configure:8770: checking how to hardcode library paths into programs
configure:8795: result: immediate
configure:8809: checking whether stripping libraries is possible
configure:8814: result: yes
configure:9615: checking if libtool supports shared libraries
configure:9617: result: yes
configure:9620: checking whether to build shared libraries
configure:9641: result: yes
configure:9644: checking whether to build static libraries
configure:9648: result: yes
configure:9740: creating libtool
configure:10328: checking for ld used by g++
configure:10395: result: /usr/bin/ld
configure:10404: checking if the linker (/usr/bin/ld) is GNU ld
configure:10419: result: yes
configure:10470: checking whether the g++ linker (/usr/bin/ld) supports shared libraries
configure:11404: result: yes
configure:11422: g++ -c -g -O2  conftest.cpp >&5
configure:11425: $? = 0
configure:11544: checking for g++ option to produce PIC
configure:11818: result: -fPIC
configure:11826: checking if g++ PIC flag -fPIC works
configure:11844: g++ -c -g -O2  -fPIC -DPIC conftest.cpp >&5
configure:11848: $? = 0
configure:11861: result: yes
configure:11889: checking if g++ static flag -static works
configure:11917: result: yes
configure:11927: checking if g++ supports -c -o file.o
configure:11948: g++ -c -g -O2  -o out/conftest2.o conftest.cpp >&5
configure:11952: $? = 0
configure:11974: result: yes
configure:12000: checking whether the g++ linker (/usr/bin/ld) supports shared libraries
configure:12028: result: yes
configure:12095: checking dynamic linker characteristics
configure:12671: result: GNU/Linux ld.so
configure:12680: checking how to hardcode library paths into programs
configure:12705: result: immediate
configure:13231: checking if libtool supports shared libraries
configure:13233: result: yes
configure:13236: checking whether to build shared libraries
configure:13256: result: yes
configure:13259: checking whether to build static libraries
configure:13263: result: yes
configure:13273: checking for gfortran option to produce PIC
configure:13483: result: -fPIC
configure:13491: checking if gfortran PIC flag -fPIC works
configure:13509: gfortran -c -g -O2 -fPIC conftest.f >&5
configure:13513: $? = 0
configure:13526: result: yes
configure:13554: checking if gfortran static flag -static works
configure:13582: result: yes
configure:13592: checking if gfortran supports -c -o file.o
configure:13613: gfortran -c -g -O2 -o out/conftest2.o conftest.f >&5
configure:13617: $? = 0
configure:13639: result: yes
configure:13665: checking whether the gfortran linker (/usr/bin/ld) supports shared libraries
configure:14600: result: yes
configure:14667: checking dynamic linker characteristics
configure:15243: result: GNU/Linux ld.so
configure:15252: checking how to hardcode library paths into programs
configure:15277: result: immediate
configure:18827: checking for gawk
configure:18843: found /usr/bin/gawk
configure:18854: result: gawk
configure:18871: checking for an ANSI C-conforming const
configure:18946: g++ -c -g -O2  conftest.cpp >&5
configure:18952: $? = 0
configure:18967: result: yes
configure:18977: checking for inline
configure:19003: g++ -c -g -O2  conftest.cpp >&5
configure:19009: $? = 0
configure:19027: result: inline
configure:19058: checking ieeefp.h usability
configure:19075: g++ -c -g -O2  conftest.cpp >&5
conftest.cpp:54:20: error: ieeefp.h: No such file or directory
configure:19081: $? = 1
configure: failed program was:
| /* confdefs.h.  */
| #define PACKAGE_NAME ""
| #define PACKAGE_TARNAME ""
| #define PACKAGE_VERSION ""
| #define PACKAGE_STRING ""
| #define PACKAGE_BUGREPORT ""
| #define PACKAGE "libsequence"
| #define VERSION "1.6.5"
| #define STDC_HEADERS 1
| #define HAVE_SYS_TYPES_H 1
| #define HAVE_SYS_STAT_H 1
| #define HAVE_STDLIB_H 1
| #define HAVE_STRING_H 1
| #define HAVE_MEMORY_H 1
| #define HAVE_STRINGS_H 1
| #define HAVE_INTTYPES_H 1
| #define HAVE_STDINT_H 1
| #define HAVE_UNISTD_H 1
| #define HAVE_DLFCN_H 1
| /* end confdefs.h.  */
| #include <stdio.h>
| #ifdef HAVE_SYS_TYPES_H
| # include <sys/types.h>
| #endif
| #ifdef HAVE_SYS_STAT_H
| # include <sys/stat.h>
| #endif
| #ifdef STDC_HEADERS
| # include <stdlib.h>
| # include <stddef.h>
| #else
| # ifdef HAVE_STDLIB_H
| #  include <stdlib.h>
| # endif
| #endif
| #ifdef HAVE_STRING_H
| # if !defined STDC_HEADERS && defined HAVE_MEMORY_H
| #  include <memory.h>
| # endif
| # include <string.h>
| #endif
| #ifdef HAVE_STRINGS_H
| # include <strings.h>
| #endif
| #ifdef HAVE_INTTYPES_H
| # include <inttypes.h>
| #endif
| #ifdef HAVE_STDINT_H
| # include <stdint.h>
| #endif
| #ifdef HAVE_UNISTD_H
| # include <unistd.h>
| #endif
| #include <ieeefp.h>
configure:19095: result: no
configure:19099: checking ieeefp.h presence
configure:19114: g++ -E  conftest.cpp
conftest.cpp:21:20: error: ieeefp.h: No such file or directory
configure:19120: $? = 1
configure: failed program was:
| /* confdefs.h.  */
| #define PACKAGE_NAME ""
| #define PACKAGE_TARNAME ""
| #define PACKAGE_VERSION ""
| #define PACKAGE_STRING ""
| #define PACKAGE_BUGREPORT ""
| #define PACKAGE "libsequence"
| #define VERSION "1.6.5"
| #define STDC_HEADERS 1
| #define HAVE_SYS_TYPES_H 1
| #define HAVE_SYS_STAT_H 1
| #define HAVE_STDLIB_H 1
| #define HAVE_STRING_H 1
| #define HAVE_MEMORY_H 1
| #define HAVE_STRINGS_H 1
| #define HAVE_INTTYPES_H 1
| #define HAVE_STDINT_H 1
| #define HAVE_UNISTD_H 1
| #define HAVE_DLFCN_H 1
| /* end confdefs.h.  */
| #include <ieeefp.h>
configure:19134: result: no
configure:19162: checking for ieeefp.h
configure:19169: result: no
configure:19187: checking for ANSI C header files
configure:19351: result: yes
configure:19362: checking whether the compiler supports extern declarations for explicit instantiations
configure:19395: g++ -c -g -O2  conftest.cpp >&5
configure:19401: $? = 0
configure:19423: result: yes
configure:19449: checking strstream usability
configure:19466: g++ -c -g -O2  conftest.cpp >&5
In file included from /usr/lib/gcc/i386-redhat-linux/4.1.1/../../../../include/c++/4.1.1/backward/strstream:51,
                 from conftest.cpp:55:
/usr/lib/gcc/i386-redhat-linux/4.1.1/../../../../include/c++/4.1.1/backward/backward_warning.h:32:2: warning: #warning This file includes at least one deprecated or antiquated header. Please consider using one of the 32 headers found in section 17.4.1.2 of the C++ standard. Examples include substituting the <X> header for the <X.h> header for C++ includes, or <iostream> instead of the deprecated header <iostream.h>. To disable this warning use -Wno-deprecated.
configure:19472: $? = 0
configure:19486: result: yes
configure:19490: checking strstream presence
configure:19505: g++ -E  conftest.cpp
In file included from /usr/lib/gcc/i386-redhat-linux/4.1.1/../../../../include/c++/4.1.1/backward/strstream:51,
                 from conftest.cpp:22:
/usr/lib/gcc/i386-redhat-linux/4.1.1/../../../../include/c++/4.1.1/backward/backward_warning.h:32:2: warning: #warning This file includes at least one deprecated or antiquated header. Please consider using one of the 32 headers found in section 17.4.1.2 of the C++ standard. Examples include substituting the <X> header for the <X.h> header for C++ includes, or <iostream> instead of the deprecated header <iostream.h>. To disable this warning use -Wno-deprecated.
configure:19511: $? = 0
configure:19525: result: yes
configure:19553: checking for strstream
configure:19560: result: yes
configure:19579: checking sstream usability
configure:19596: g++ -c -g -O2  conftest.cpp >&5
configure:19602: $? = 0
configure:19616: result: yes
configure:19620: checking sstream presence
configure:19635: g++ -E  conftest.cpp
configure:19641: $? = 0
configure:19655: result: yes
configure:19683: checking for sstream
configure:19690: result: yes
configure:19728: checking limits usability
configure:19745: g++ -c -g -O2  conftest.cpp >&5
configure:19751: $? = 0
configure:19765: result: yes
configure:19769: checking limits presence
configure:19784: g++ -E  conftest.cpp
configure:19790: $? = 0
configure:19804: result: yes
configure:19832: checking for limits
configure:19839: result: yes
configure:19858: checking climits usability
configure:19875: g++ -c -g -O2  conftest.cpp >&5
configure:19881: $? = 0
configure:19895: result: yes
configure:19899: checking climits presence
configure:19914: g++ -E  conftest.cpp
configure:19920: $? = 0
configure:19934: result: yes
configure:19962: checking for climits
configure:19969: result: yes
configure:20007: checking boost/type_traits.hpp usability
configure:20024: g++ -c -g -O2  conftest.cpp >&5
configure:20030: $? = 0
configure:20044: result: yes
configure:20048: checking boost/type_traits.hpp presence
configure:20063: g++ -E  conftest.cpp
configure:20069: $? = 0
configure:20083: result: yes
configure:20111: checking for boost/type_traits.hpp
configure:20118: result: yes
configure:20141: checking boost/utility.hpp usability
configure:20158: g++ -c -g -O2  conftest.cpp >&5
configure:20164: $? = 0
configure:20178: result: yes
configure:20182: checking boost/utility.hpp presence
configure:20197: g++ -E  conftest.cpp
configure:20203: $? = 0
configure:20217: result: yes
configure:20245: checking for boost/utility.hpp
configure:20252: result: yes
configure:20275: checking boost/static_assert.hpp usability
configure:20292: g++ -c -g -O2  conftest.cpp >&5
configure:20298: $? = 0
configure:20312: result: yes
configure:20316: checking boost/static_assert.hpp presence
configure:20331: g++ -E  conftest.cpp
configure:20337: $? = 0
configure:20351: result: yes
configure:20379: checking for boost/static_assert.hpp
configure:20386: result: yes
configure:20411: checking boost/tuple/tuple.hpp usability
configure:20428: g++ -c -g -O2  conftest.cpp >&5
configure:20434: $? = 0
configure:20448: result: yes
configure:20452: checking boost/tuple/tuple.hpp presence
configure:20467: g++ -E  conftest.cpp
configure:20473: $? = 0
configure:20487: result: yes
configure:20515: checking for boost/tuple/tuple.hpp
configure:20522: result: yes
configure:20536: checking whether time.h and sys/time.h may both be included
configure:20566: g++ -c -g -O2  conftest.cpp >&5
configure:20572: $? = 0
configure:20587: result: yes
configure:20613: checking utime.h usability
configure:20630: g++ -c -g -O2  conftest.cpp >&5
configure:20636: $? = 0
configure:20650: result: yes
configure:20654: checking utime.h presence
configure:20669: g++ -E  conftest.cpp
configure:20675: $? = 0
configure:20689: result: yes
configure:20717: checking for utime.h
configure:20725: result: yes
configure:20739: checking for struct utimbuf
configure:20779: g++ -c -g -O2  conftest.cpp >&5
configure:20785: $? = 0
configure:20801: result: yes
configure:20812: checking whether sys/types.h defines makedev
configure:20838: g++ -o conftest -g -O2   conftest.cpp  >&5
configure:20844: $? = 0
configure:20862: result: yes
configure:21244: creating ./config.status

## ---------------------- ##
## Running config.status. ##
## ---------------------- ##

This file was extended by config.status, which was
generated by GNU Autoconf 2.61.  Invocation command line was

  CONFIG_FILES    = 
  CONFIG_HEADERS  = 
  CONFIG_LINKS    = 
  CONFIG_COMMANDS = 
  $ ./config.status 

on localhost.localdomain

config.status:669: creating Makefile
config.status:804: WARNING:  Makefile.in seems to ignore the --datarootdir setting
config.status:669: creating src/Makefile
config.status:804: WARNING:  src/Makefile.in seems to ignore the --datarootdir setting
config.status:669: creating Sequence/Makefile
config.status:804: WARNING:  Sequence/Makefile.in seems to ignore the --datarootdir setting
config.status:669: creating Sequence/bits/Makefile
config.status:804: WARNING:  Sequence/bits/Makefile.in seems to ignore the --datarootdir setting
config.status:669: creating Sequence/Portability/Makefile
config.status:804: WARNING:  Sequence/Portability/Makefile.in seems to ignore the --datarootdir setting
config.status:669: creating Sequence/Coalescent/Makefile
config.status:804: WARNING:  Sequence/Coalescent/Makefile.in seems to ignore the --datarootdir setting
config.status:669: creating Sequence/Coalescent/bits/Makefile
config.status:804: WARNING:  Sequence/Coalescent/bits/Makefile.in seems to ignore the --datarootdir setting
config.status:669: creating Sequence/RNG/Makefile
config.status:804: WARNING:  Sequence/RNG/Makefile.in seems to ignore the --datarootdir setting
config.status:669: creating libsequence2.lsm
config.status:669: creating libsequence2.spec
config.status:669: creating config.h
config.status:907: executing default-1 commands

## ---------------- ##
## Cache variables. ##
## ---------------- ##

ac_cv_build=i686-pc-linux-gnu
ac_cv_c_compiler_gnu=yes
ac_cv_c_const=yes
ac_cv_c_inline=inline
ac_cv_cxx_compiler_gnu=yes
ac_cv_cxx_typename=yes
ac_cv_env_CCC_set=
ac_cv_env_CCC_value=
ac_cv_env_CC_set=
ac_cv_env_CC_value=
ac_cv_env_CFLAGS_set=
ac_cv_env_CFLAGS_value=
ac_cv_env_CPPFLAGS_set=
ac_cv_env_CPPFLAGS_value=
ac_cv_env_CPP_set=
ac_cv_env_CPP_value=
ac_cv_env_CXXCPP_set=
ac_cv_env_CXXCPP_value=
ac_cv_env_CXXFLAGS_set=
ac_cv_env_CXXFLAGS_value=
ac_cv_env_CXX_set=
ac_cv_env_CXX_value=
ac_cv_env_F77_set=
ac_cv_env_F77_value=
ac_cv_env_FFLAGS_set=
ac_cv_env_FFLAGS_value=
ac_cv_env_LDFLAGS_set=
ac_cv_env_LDFLAGS_value=
ac_cv_env_LIBS_set=
ac_cv_env_LIBS_value=
ac_cv_env_build_alias_set=
ac_cv_env_build_alias_value=
ac_cv_env_host_alias_set=
ac_cv_env_host_alias_value=
ac_cv_env_target_alias_set=
ac_cv_env_target_alias_value=
ac_cv_f77_compiler_gnu=yes
ac_cv_header_boost_static_assert_hpp=yes
ac_cv_header_boost_tuple_tuple_hpp=yes
ac_cv_header_boost_type_traits_hpp=yes
ac_cv_header_boost_utility_hpp=yes
ac_cv_header_climits=yes
ac_cv_header_dlfcn_h=yes
ac_cv_header_ieeefp_h=no
ac_cv_header_inttypes_h=yes
ac_cv_header_limits=yes
ac_cv_header_memory_h=yes
ac_cv_header_sstream=yes
ac_cv_header_stdc=yes
ac_cv_header_stdint_h=yes
ac_cv_header_stdlib_h=yes
ac_cv_header_string_h=yes
ac_cv_header_strings_h=yes
ac_cv_header_strstream=yes
ac_cv_header_sys_stat_h=yes
ac_cv_header_sys_types_h=yes
ac_cv_header_sys_types_h_makedev=yes
ac_cv_header_time=yes
ac_cv_header_unistd_h=yes
ac_cv_header_utime_h=yes
ac_cv_host=i686-pc-linux-gnu
ac_cv_objext=o
ac_cv_path_EGREP='/bin/grep -E'
ac_cv_path_GREP=/bin/grep
ac_cv_path_install='/usr/bin/install -c'
ac_cv_prog_AWK=gawk
ac_cv_prog_CPP='gcc -E'
ac_cv_prog_CXXCPP='g++ -E'
ac_cv_prog_ac_ct_AR=ar
ac_cv_prog_ac_ct_CC=gcc
ac_cv_prog_ac_ct_CXX=g++
ac_cv_prog_ac_ct_F77=gfortran
ac_cv_prog_ac_ct_RANLIB=ranlib
ac_cv_prog_ac_ct_STRIP=strip
ac_cv_prog_cc_c89=
ac_cv_prog_cc_g=yes
ac_cv_prog_cxx_g=yes
ac_cv_prog_f77_g=yes
ac_cv_prog_make_make_set=yes
fu_cv_sys_struct_utimbuf=yes
lt_cv_deplibs_check_method=pass_all
lt_cv_file_magic_cmd='$MAGIC_CMD'
lt_cv_file_magic_test_file=
lt_cv_ld_reload_flag=-r
lt_cv_objdir=.libs
lt_cv_path_LD=/usr/bin/ld
lt_cv_path_LDCXX=/usr/bin/ld
lt_cv_path_NM='/usr/bin/nm -B'
lt_cv_path_SED=/bin/sed
lt_cv_prog_compiler_c_o=yes
lt_cv_prog_compiler_c_o_CXX=yes
lt_cv_prog_compiler_c_o_F77=yes
lt_cv_prog_compiler_rtti_exceptions=no
lt_cv_prog_gnu_ld=yes
lt_cv_prog_gnu_ldcxx=yes
lt_cv_sys_global_symbol_pipe='sed -n -e '\''s/^.*[ 	]\([ABCDGIRSTW][ABCDGIRSTW]*\)[ 	][ 	]*\([_A-Za-z][_A-Za-z0-9]*\)$/\1 \2 \2/p'\'''
lt_cv_sys_global_symbol_to_c_name_address='sed -n -e '\''s/^: \([^ ]*\) $/  {\"\1\", (lt_ptr) 0},/p'\'' -e '\''s/^[BCDEGRST] \([^ ]*\) \([^ ]*\)$/  {"\2", (lt_ptr) \&\2},/p'\'''
lt_cv_sys_global_symbol_to_cdecl='sed -n -e '\''s/^. .* \(.*\)$/extern int \1;/p'\'''
lt_cv_sys_max_cmd_len=32768
lt_lt_cv_prog_compiler_c_o='"yes"'
lt_lt_cv_prog_compiler_c_o_CXX='"yes"'
lt_lt_cv_prog_compiler_c_o_F77='"yes"'
lt_lt_cv_sys_global_symbol_pipe='"sed -n -e '\''s/^.*[ 	]\\([ABCDGIRSTW][ABCDGIRSTW]*\\)[ 	][ 	]*\\([_A-Za-z][_A-Za-z0-9]*\\)\$/\\1 \\2 \\2/p'\''"'
lt_lt_cv_sys_global_symbol_to_c_name_address='"sed -n -e '\''s/^: \\([^ ]*\\) \$/  {\\\"\\1\\\", (lt_ptr) 0},/p'\'' -e '\''s/^[BCDEGRST] \\([^ ]*\\) \\([^ ]*\\)\$/  {\"\\2\", (lt_ptr) \\&\\2},/p'\''"'
lt_lt_cv_sys_global_symbol_to_cdecl='"sed -n -e '\''s/^. .* \\(.*\\)\$/extern int \\1;/p'\''"'

## ----------------- ##
## Output variables. ##
## ----------------- ##

ACLOCAL='aclocal-1.4'
AR='ar'
AUTOCONF='autoconf'
AUTOHEADER='autoheader'
AUTOMAKE='automake-1.4'
AWK='gawk'
CC='gcc'
CFLAGS='-g -O2'
CPP='gcc -E'
CPPFLAGS=''
CXX='g++'
CXXCPP='g++ -E'
CXXFLAGS='-g -O2'
DEBUG_FALSE=''
DEBUG_TRUE='#'
DEFS='-DHAVE_CONFIG_H'
ECHO='echo'
ECHO_C=''
ECHO_N='-n'
ECHO_T=''
EGREP='/bin/grep -E'
EXEEXT=''
F77='gfortran'
FFLAGS='-g -O2'
GFIVEOPT_FALSE=''
GFIVEOPT_TRUE='#'
GFOUROPT_FALSE=''
GFOUROPT_TRUE='#'
GREP='/bin/grep'
HAVE_CLIMITS_FALSE='#'
HAVE_CLIMITS_TRUE=''
HAVE_EXTERN_EXPLICIT_INSTANTIATION_FALSE='#'
HAVE_EXTERN_EXPLICIT_INSTANTIATION_TRUE=''
HAVE_IEEEFP_FALSE=''
HAVE_IEEEFP_TRUE='#'
HAVE_LIMITS_FALSE='#'
HAVE_LIMITS_TRUE=''
HAVE_SSTREAM_FALSE='#'
HAVE_SSTREAM_TRUE=''
HAVE_STRSTREAM_FALSE='#'
HAVE_STRSTREAM_TRUE=''
INSTALL_DATA='${INSTALL} -m 644'
INSTALL_PROGRAM='${INSTALL}'
INSTALL_SCRIPT='${INSTALL}'
ISODATE='2008-02-03'
LDFLAGS=''
LIBOBJS=''
LIBS=''
LIBTOOL='$(SHELL) $(top_builddir)/libtool'
LN_S='ln -s'
LTLIBOBJS=''
MAKEINFO='makeinfo'
OBJEXT='o'
PACKAGE='libsequence'
PACKAGE_BUGREPORT=''
PACKAGE_NAME=''
PACKAGE_STRING=''
PACKAGE_TARNAME=''
PACKAGE_VERSION=''
PATH_SEPARATOR=':'
PROFILING_FALSE=''
PROFILING_TRUE='#'
RANLIB='ranlib'
SET_MAKE=''
SHELL='/bin/sh'
STRIP='strip'
VERSION='1.6.5'
ac_ct_CC='gcc'
ac_ct_CXX='g++'
ac_ct_F77='gfortran'
bindir='${exec_prefix}/bin'
build='i686-pc-linux-gnu'
build_alias=''
build_cpu='i686'
build_os='linux-gnu'
build_vendor='pc'
datadir='${datarootdir}'
datarootdir='${prefix}/share'
docdir='${datarootdir}/doc/${PACKAGE}'
dvidir='${docdir}'
exec_prefix='${prefix}'
host='i686-pc-linux-gnu'
host_alias=''
host_cpu='i686'
host_os='linux-gnu'
host_vendor='pc'
htmldir='${docdir}'
includedir='${prefix}/include'
infodir='${datarootdir}/info'
libdir='${exec_prefix}/lib'
libexecdir='${exec_prefix}/libexec'
localedir='${datarootdir}/locale'
localstatedir='${prefix}/var'
mandir='${datarootdir}/man'
oldincludedir='/usr/include'
pdfdir='${docdir}'
prefix='/usr/local'
program_transform_name='s,x,x,'
psdir='${docdir}'
sbindir='${exec_prefix}/sbin'
sharedstatedir='${prefix}/com'
sysconfdir='${prefix}/etc'
target_alias=''

## ----------- ##
## confdefs.h. ##
## ----------- ##

#define PACKAGE_NAME ""
#define PACKAGE_TARNAME ""
#define PACKAGE_VERSION ""
#define PACKAGE_STRING ""
#define PACKAGE_BUGREPORT ""
#define PACKAGE "libsequence"
#define VERSION "1.6.5"
#define STDC_HEADERS 1
#define HAVE_SYS_TYPES_H 1
#define HAVE_SYS_STAT_H 1
#define HAVE_STDLIB_H 1
#define HAVE_STRING_H 1
#define HAVE_MEMORY_H 1
#define HAVE_STRINGS_H 1
#define HAVE_INTTYPES_H 1
#define HAVE_STDINT_H 1
#define HAVE_UNISTD_H 1
#define HAVE_DLFCN_H 1
#define STDC_HEADERS 1
#define TIME_WITH_SYS_TIME 1
#define HAVE_UTIME_H 1
#define HAVE_STRUCT_UTIMBUF 1

configure: exit 0
